<?xml version="1.0" encoding="UTF-8"?>
<!-- Generated by org.testng.reporters.JUnitReportReporter -->
<testsuite hostname="YPTRNG24DT" name="runner.Runner2" tests="1" failures="0" timestamp="15 Dec 2018 10:16:37 GMT" time="13.003" errors="0">
  <testcase name="feature" time="13.003" classname="runner.Runner2"/>
</testsuite> <!-- runner.Runner2 -->
