<?xml version="1.0" encoding="UTF-8"?>
<!-- Generated by org.testng.reporters.JUnitReportReporter -->
<testsuite hostname="YPTRNG24DT" name="runner.Runner" tests="1" failures="0" timestamp="15 Dec 2018 10:16:37 GMT" time="10.708" errors="0">
  <testcase name="feature" time="10.708" classname="runner.Runner"/>
</testsuite> <!-- runner.Runner -->
