<?xml version="1.0" encoding="UTF-8"?>
<!-- Generated by org.testng.reporters.JUnitReportReporter -->
<testsuite hostname="YPTRNG24DT" name="runner.Runner2" tests="1" failures="0" timestamp="16 Dec 2018 05:33:28 GMT" time="45.315" errors="0">
  <testcase name="feature" time="45.315" classname="runner.Runner2"/>
</testsuite> <!-- runner.Runner2 -->
